<?xml version="1.0" encoding="UTF-8"?>
<testng-results skipped="0" failed="0" total="1" passed="1">
  <reporter-output>
  </reporter-output>
  <suite name="Suite" duration-ms="18256" started-at="2018-11-16T08:29:02Z" finished-at="2018-11-16T08:29:20Z">
    <groups>
    </groups>
    <test name="Test" duration-ms="18256" started-at="2018-11-16T08:29:02Z" finished-at="2018-11-16T08:29:20Z">
      <class name="vivek.facebooktest">
        <test-method status="PASS" signature="login()[pri:0, instance:vivek.facebooktest@4de8b406]" name="login" duration-ms="18240" started-at="2018-11-16T13:59:02Z" finished-at="2018-11-16T13:59:20Z">
          <reporter-output>
          </reporter-output>
        </test-method> <!-- login -->
      </class> <!-- vivek.facebooktest -->
    </test> <!-- Test -->
  </suite> <!-- Suite -->
</testng-results>
