<?xml version="1.0" encoding="UTF-8"?>
<testng-results skipped="0" failed="0" ignored="0" total="1" passed="1">
  <reporter-output>
  </reporter-output>
  <suite name="Default suite" duration-ms="34134" started-at="2018-12-12T16:21:10Z" finished-at="2018-12-12T16:21:44Z">
    <groups>
    </groups>
    <test name="Default test" duration-ms="34134" started-at="2018-12-12T16:21:10Z" finished-at="2018-12-12T16:21:44Z">
      <class name="vivek.facebooktest">
        <test-method status="PASS" signature="login()[pri:0, instance:vivek.facebooktest@1c1bbc4e]" name="login" duration-ms="34090" started-at="2018-12-12T16:21:10Z" finished-at="2018-12-12T16:21:44Z">
          <reporter-output>
          </reporter-output>
        </test-method> <!-- login -->
      </class> <!-- vivek.facebooktest -->
    </test> <!-- Default test -->
  </suite> <!-- Default suite -->
</testng-results>
